<?xml version="1.0" encoding="UTF-8"?>
<!-- Generated by org.testng.reporters.JUnitReportReporter -->
<testsuite skipped="0" hostname="Ram.local" name="Basics3" tests="1" failures="0" timestamp="27 Feb 2020 20:40:01 GMT" time="3.482" errors="0">
  <testcase name="addPlace" time="3.482" classname="Basics3"/>
</testsuite> <!-- Basics3 -->
