<?xml version="1.0" encoding="UTF-8"?>
<!-- Generated by org.testng.reporters.JUnitReportReporter -->
<testsuite skipped="0" hostname="Ram.local" name="Basics2" tests="1" failures="0" timestamp="27 Feb 2020 18:54:42 GMT" time="2.888" errors="0">
  <testcase name="createPlaceAPI" time="2.888" classname="Basics2"/>
</testsuite> <!-- Basics2 -->
